<?xml version="1.0" encoding="UTF-8"?>
<!-- Generated by org.testng.reporters.JUnitXMLReporter -->
<testsuite hostname="PMUNDHAR06" ignored="0" name="TestOne" tests="1" failures="1" timestamp="29 Jun 2017 07:45:36 GMT" time="0.035" errors="0">
  <testcase name="test" time="0.006" classname="com.amdocs.gmail.suite.GmailTestSuite">
    <failure type="java.lang.NullPointerException">
      <![CDATA[java.lang.NullPointerException
	at com.amdocs.gmail.suite.GmailTestSuite.test(GmailTestSuite.java:47)
... Removed 25 stack frames]]>
    </failure>
  </testcase> <!-- test -->
</testsuite> <!-- TestOne -->
