<?xml version="1.0" encoding="UTF-8"?>
<!-- Generated by org.testng.reporters.JUnitXMLReporter -->
<testsuite hostname="PMUNDHAR06" ignored="0" name="TestOne" tests="1" failures="1" timestamp="02 Jul 2017 09:51:16 GMT" time="61.348" errors="0">
  <testcase name="test" time="61.316" classname="com.amdocs.gmail.suite.GmailTestSuite">
    <failure type="java.lang.AssertionError" message="expected [Gmail] but found [https://accounts.google.com/signin/v2/sl/pwd?service=mail&amp;amp;passive=true&amp;amp;rm=false&amp;amp;continue=https%3A%2F%2Fmail.google.com%2Fmail%2F&amp;amp;ss=1&amp;amp;scc=1&amp;amp;ltmpl=default&amp;amp;ltmplcache=2&amp;amp;emr=1&amp;amp;osid=1&amp;amp;flowName=GlifWebSignIn&amp;amp;flowEntry=ServiceLogin]">
      <![CDATA[java.lang.AssertionError: expected [Gmail] but found [https://accounts.google.com/signin/v2/sl/pwd?service=mail&passive=true&rm=false&continue=https%3A%2F%2Fmail.google.com%2Fmail%2F&ss=1&scc=1&ltmpl=default&ltmplcache=2&emr=1&osid=1&flowName=GlifWebSignIn&flowEntry=ServiceLogin]
	at com.amdocs.gmail.pom.GmailPerformingAction.func_Logout(GmailPerformingAction.java:116)
	at com.amdocs.gmail.suite.GmailTestSuite.test(GmailTestSuite.java:51)
... Removed 31 stack frames]]>
    </failure>
  </testcase> <!-- test -->
</testsuite> <!-- TestOne -->
